<?xml version="1.0" encoding="UTF-8"?>
<!-- Generated by org.testng.reporters.JUnitReportReporter -->
<testsuite hostname="DESKTOP-TPFM1J6" failures="0" tests="2" name="TESTRUNNER.TestRunner" time="16.728" errors="0" timestamp="2024-08-27T16:54:50 IST" skipped="0">
  <testcase classname="TESTRUNNER.TestRunner" name="TestRun" time="1.756"/>
  <testcase classname="TESTRUNNER.TestRunner" name="TestRun" time="14.972"/>
</testsuite> <!-- TESTRUNNER.TestRunner -->
