<?xml version="1.0" encoding="UTF-8"?>
<!-- Generated by org.testng.reporters.JUnitReportReporter -->
<testsuite hostname="DESKTOP-TPFM1J6" failures="0" tests="1" name="TESTRUNNER.APIRunner" time="6.073" errors="0" timestamp="2024-09-11T16:44:56 IST" skipped="0">
  <testcase classname="TESTRUNNER.APIRunner" name="TestRun" time="6.073"/>
</testsuite> <!-- TESTRUNNER.APIRunner -->
